<?xml version="1.0" encoding="UTF-8"?>
<!-- Generated by org.testng.reporters.JUnitReportReporter -->
<testsuite skipped="0" hostname="DESKTOP-KOR3AJR" name="PaytmSearch" tests="1" failures="0" timestamp="10 Jan 2018 15:05:40 GMT" time="7.833" errors="0">
  <testcase name="search" time="7.833" classname="PaytmSearch"/>
</testsuite> <!-- PaytmSearch -->
