<?xml version="1.0" encoding="UTF-8"?>
<!-- Generated by org.testng.reporters.JUnitReportReporter -->
<testsuite skipped="0" hostname="DESKTOP-KOR3AJR" name="PaytmSearch" tests="1" failures="0" timestamp="06 Jan 2018 08:08:41 GMT" time="6.482" errors="0">
  <testcase name="search" time="6.482" classname="PaytmSearch"/>
</testsuite> <!-- PaytmSearch -->
